[22:11:46] [main/INFO]: Setting user: Player440
[22:11:46] [Client thread/INFO]: LWJGL Version: 2.9.1
[22:11:51] [Client thread/INFO]: Reloading ResourceManager: Default, FMLFileResourcePack:Forge Mod Loader, FMLFileResourcePack:Minecraft Forge, FMLFileResourcePack:Utility Mod
[22:11:51] [Client thread/INFO]: Created: 16x16 textures/blocks-atlas
[22:11:51] [Client thread/INFO]: Created: 16x16 textures/items-atlas
[22:11:51] [Sound Library Loader/INFO]: Sound engine started
[22:11:51] [Client thread/INFO]: Reloading ResourceManager: Default, FMLFileResourcePack:Forge Mod Loader, FMLFileResourcePack:Minecraft Forge, FMLFileResourcePack:Utility Mod
[22:11:51] [Client thread/INFO]: Created: 512x256 textures/blocks-atlas
[22:11:51] [Client thread/INFO]: Created: 256x256 textures/items-atlas
[22:11:52] [Sound Library Loader/INFO]: Sound engine started
[22:11:54] [Server thread/INFO]: Starting integrated minecraft server version 1.7.10
[22:11:54] [Server thread/INFO]: Generating keypair
[22:11:55] [Server thread/INFO]: Preparing start region for level 0
[22:11:55] [Server thread/INFO]: Changing view distance to 12, from 10
[22:11:56] [Server thread/INFO]: Player440[local:E:e48bcae6] logged in with entity id 285 at (110.38279810010484, 64.0, 254.50983802560813)
[22:11:56] [Server thread/INFO]: Player440 joined the game
[22:11:56] [Server thread/INFO]: Saving and pausing game...
[22:11:56] [Server thread/INFO]: Saving chunks for level 'New World'/Overworld
[22:11:56] [Server thread/INFO]: Saving chunks for level 'New World'/Nether
[22:11:56] [Server thread/INFO]: Saving chunks for level 'New World'/The End
[22:11:58] [Server thread/INFO]: Player440 has just earned the achievement [Taking Inventory]
[22:11:58] [Client thread/INFO]: [CHAT] Player440 has just earned the achievement [Taking Inventory]
[22:12:12] [Server thread/INFO]: Stopping server
[22:12:12] [Server thread/INFO]: Saving players
[22:12:12] [Server thread/INFO]: Saving worlds
[22:12:12] [Server thread/INFO]: Saving chunks for level 'New World'/Overworld
[22:12:12] [Server thread/INFO]: Saving chunks for level 'New World'/Nether
[22:12:12] [Server thread/INFO]: Saving chunks for level 'New World'/The End
[22:12:13] [Client thread/FATAL]: Reported exception thrown!
net.minecraft.util.ReportedException: Rendering item
	at net.minecraft.client.renderer.EntityRenderer.updateCameraAndRender(EntityRenderer.java:1168) ~[EntityRenderer.class:?]
	at net.minecraft.client.Minecraft.runGameLoop(Minecraft.java:1067) ~[Minecraft.class:?]
	at net.minecraft.client.Minecraft.run(Minecraft.java:962) [Minecraft.class:?]
	at net.minecraft.client.main.Main.main(Main.java:164) [Main.class:?]
	at sun.reflect.NativeMethodAccessorImpl.invoke0(Native Method) ~[?:1.8.0_301]
	at sun.reflect.NativeMethodAccessorImpl.invoke(NativeMethodAccessorImpl.java:62) ~[?:1.8.0_301]
	at sun.reflect.DelegatingMethodAccessorImpl.invoke(DelegatingMethodAccessorImpl.java:43) ~[?:1.8.0_301]
	at java.lang.reflect.Method.invoke(Method.java:498) ~[?:1.8.0_301]
	at net.minecraft.launchwrapper.Launch.launch(Launch.java:135) [launchwrapper-1.12.jar:?]
	at net.minecraft.launchwrapper.Launch.main(Launch.java:28) [launchwrapper-1.12.jar:?]
	at net.minecraftforge.gradle.GradleStartCommon.launch(Unknown Source) [start/:?]
	at GradleStart.main(Unknown Source) [start/:?]
Caused by: java.lang.NullPointerException
	at net.minecraft.item.ItemStack.getItemDamage(ItemStack.java:265) ~[ItemStack.class:?]
	at net.minecraft.client.renderer.entity.RenderItem.renderItemIntoGUI(RenderItem.java:419) ~[RenderItem.class:?]
	at net.minecraft.client.renderer.entity.RenderItem.renderItemAndEffectIntoGUI(RenderItem.java:585) ~[RenderItem.class:?]
	at net.minecraft.client.gui.inventory.GuiContainer.func_146977_a(GuiContainer.java:289) ~[GuiContainer.class:?]
	at net.minecraft.client.gui.inventory.GuiContainer.drawScreen(GuiContainer.java:114) ~[GuiContainer.class:?]
	at net.minecraft.client.renderer.EntityRenderer.updateCameraAndRender(EntityRenderer.java:1137) ~[EntityRenderer.class:?]
	... 11 more
